2025-03-30 08:19:16 - 尝试保存游戏: Smash Karts
2025-03-30 08:19:16 - 游戏已保存，ID: smash-karts
2025-03-30 08:19:16 - 首页更新结果: 成功
2025-03-30 08:19:16 - 分类页更新结果: 成功
2025-03-30 08:20:37 - 尝试保存游戏: Sandbox City
2025-03-30 08:20:37 - 游戏已保存，ID: sandbox-city
2025-03-30 08:20:37 - 首页更新结果: 成功
2025-03-30 08:20:37 - 分类页更新结果: 成功
2025-03-30 08:22:36 - 尝试保存游戏: PolyTrack
2025-03-30 08:22:36 - 游戏已保存，ID: polytrack
2025-03-30 08:22:36 - 首页更新结果: 成功
2025-03-30 08:22:36 - 分类页更新结果: 成功
2025-03-30 08:24:00 - 尝试保存游戏: Parking Jam
2025-03-30 08:24:00 - 游戏已保存，ID: parking-jam
2025-03-30 08:24:00 - 首页更新结果: 成功
2025-03-30 08:24:00 - 分类页更新结果: 成功
2025-03-30 08:26:36 - 尝试保存游戏: Night City Racing
2025-03-30 08:26:36 - 游戏已保存，ID: night-city-racing
2025-03-30 08:26:36 - 首页更新结果: 成功
2025-03-30 08:26:36 - 分类页更新结果: 成功
2025-03-30 08:29:12 - 尝试保存游戏: Demolition Derby 3
2025-03-30 08:29:12 - 游戏已保存，ID: demolition-derby-3
2025-03-30 08:29:12 - 首页更新结果: 成功
2025-03-30 08:29:12 - 分类页更新结果: 成功
2025-03-30 08:31:09 - 尝试保存游戏: Doodle Road
2025-03-30 08:31:09 - 游戏已保存，ID: doodle-road
2025-03-30 08:31:09 - 首页更新结果: 成功
2025-03-30 08:31:09 - 分类页更新结果: 成功
2025-03-30 08:33:01 - 尝试保存游戏: Rally Racer Dirt
2025-03-30 08:33:01 - 游戏已保存，ID: rally-racer-dirt
2025-03-30 08:33:01 - 首页更新结果: 成功
2025-03-30 08:33:01 - 分类页更新结果: 成功
2025-03-30 08:36:03 - 尝试保存游戏: Assault Bots
2025-03-30 08:36:03 - 游戏已保存，ID: assault-bots
2025-03-30 08:36:03 - 首页更新结果: 成功
2025-03-30 08:36:03 - 分类页更新结果: 成功
2025-03-30 08:37:51 - 尝试保存游戏: Mr. Racer
2025-03-30 08:37:51 - 游戏已保存，ID: mr-racer
2025-03-30 08:37:51 - 首页更新结果: 成功
2025-03-30 08:37:51 - 分类页更新结果: 成功
2025-03-30 08:41:06 - 尝试保存游戏: Room Escape: Strange Case
2025-03-30 08:41:06 - 游戏已保存，ID: room-escape-strange-case
2025-03-30 08:41:06 - 首页更新结果: 成功
2025-03-30 08:41:06 - 分类页更新结果: 成功
2025-03-30 08:42:33 - 尝试保存游戏: 911: Prey
2025-03-30 08:42:33 - 游戏已保存，ID: game-911-prey
2025-03-30 08:42:33 - 首页更新结果: 成功
2025-03-30 08:42:33 - 分类页更新结果: 成功
2025-03-30 08:43:34 - 尝试保存游戏: Escape Room: Strange Case 2
2025-03-30 08:43:34 - 游戏已保存，ID: escape-room-strange-case-2
2025-03-30 08:43:34 - 首页更新结果: 成功
2025-03-30 08:43:34 - 分类页更新结果: 成功
2025-03-30 08:44:45 - 尝试保存游戏: FNaF Shooter
2025-03-30 08:44:45 - 游戏已保存，ID: fnaf-shooter
2025-03-30 08:44:45 - 首页更新结果: 成功
2025-03-30 08:44:45 - 分类页更新结果: 成功
2025-03-30 08:46:16 - 尝试保存游戏: Monster Makeup 3D
2025-03-30 08:46:16 - 游戏已保存，ID: monster-makeup-3d
2025-03-30 08:46:16 - 首页更新结果: 成功
2025-03-30 08:46:16 - 分类页更新结果: 成功
2025-03-30 08:46:20 - 尝试保存游戏: Monster Makeup 3D
2025-03-30 08:46:20 - 游戏已保存，ID: monster-makeup-3d
2025-03-30 08:46:20 - 首页更新结果: 成功
2025-03-30 08:46:20 - 分类页更新结果: 成功
2025-03-30 08:47:25 - 尝试保存游戏: Horror Tale
2025-03-30 08:47:25 - 游戏已保存，ID: horror-tale
2025-03-30 08:47:25 - 首页更新结果: 成功
2025-03-30 08:47:25 - 分类页更新结果: 成功
2025-03-30 08:48:22 - 尝试保存游戏: 911: Cannibal
2025-03-30 08:48:22 - 游戏已保存，ID: game-911-cannibal
2025-03-30 08:48:22 - 首页更新结果: 成功
2025-03-30 08:48:22 - 分类页更新结果: 成功
2025-03-30 08:49:26 - 尝试保存游戏: Diner in the Storm
2025-03-30 08:49:26 - 游戏已保存，ID: diner-in-the-storm
2025-03-30 08:49:26 - 首页更新结果: 成功
2025-03-30 08:49:26 - 分类页更新结果: 成功
2025-03-30 08:50:05 - 尝试保存游戏: Haunted School
2025-03-30 08:50:05 - 游戏已保存，ID: haunted-school
2025-03-30 08:50:05 - 首页更新结果: 成功
2025-03-30 08:50:05 - 分类页更新结果: 成功
2025-03-30 08:51:04 - 尝试保存游戏: Exhibit of Sorrows
2025-03-30 08:51:04 - 游戏已保存，ID: exhibit-of-sorrows
2025-03-30 08:51:04 - 首页更新结果: 成功
2025-03-30 08:51:04 - 分类页更新结果: 成功
2025-03-30 08:51:58 - 尝试保存游戏: Scary Horror Escape Room
2025-03-30 08:51:58 - 游戏已保存，ID: scary-horror-escape-room
2025-03-30 08:51:58 - 首页更新结果: 成功
2025-03-30 08:51:58 - 分类页更新结果: 成功
