[2025-03-31 16:42:31] [INFO] 开始更新所有游戏页面。总游戏数：56
[2025-03-31 16:42:31] [INFO] 正在处理游戏：Traffic Rider (ID: traffic-rider)
[2025-03-31 16:42:31] [INFO] 游戏页面更新成功：Traffic Rider
[2025-03-31 16:42:31] [INFO] 正在处理游戏：Sky Riders (ID: sky-riders)
[2025-03-31 16:42:31] [INFO] 游戏页面更新成功：Sky Riders
[2025-03-31 16:42:31] [INFO] 正在处理游戏：Mahjongg Solitaire (ID: mahjongg-solitaire)
[2025-03-31 16:42:31] [INFO] 游戏页面更新成功：Mahjongg Solitaire
[2025-03-31 16:42:31] [INFO] 正在处理游戏：Farm Merge Valley (ID: farm-merge-valley)
[2025-03-31 16:42:31] [INFO] 游戏页面更新成功：Farm Merge Valley
[2025-03-31 16:42:31] [INFO] 正在处理游戏：Words of Wonders (ID: words-of-wonders)
[2025-03-31 16:42:31] [INFO] 游戏页面更新成功：Words of Wonders
[2025-03-31 16:42:31] [INFO] 正在处理游戏：Smash Karts (ID: smash-karts)
[2025-03-31 16:42:31] [INFO] 游戏页面更新成功：Smash Karts
[2025-03-31 16:42:31] [INFO] 正在处理游戏：Sandbox City (ID: sandbox-city)
[2025-03-31 16:42:31] [INFO] 游戏页面更新成功：Sandbox City
[2025-03-31 16:42:31] [INFO] 正在处理游戏：PolyTrack (ID: polytrack)
[2025-03-31 16:42:31] [INFO] 游戏页面更新成功：PolyTrack
[2025-03-31 16:42:31] [INFO] 正在处理游戏：Parking Jam (ID: parking-jam)
[2025-03-31 16:42:31] [INFO] 游戏页面更新成功：Parking Jam
[2025-03-31 16:42:31] [INFO] 正在处理游戏：Night City Racing (ID: night-city-racing)
[2025-03-31 16:42:31] [INFO] 游戏页面更新成功：Night City Racing
[2025-03-31 16:42:31] [INFO] 正在处理游戏：Demolition Derby 3 (ID: demolition-derby-3)
[2025-03-31 16:42:31] [INFO] 游戏页面更新成功：Demolition Derby 3
[2025-03-31 16:42:31] [INFO] 正在处理游戏：Doodle Road (ID: doodle-road)
[2025-03-31 16:42:31] [INFO] 游戏页面更新成功：Doodle Road
[2025-03-31 16:42:31] [INFO] 正在处理游戏：Rally Racer Dirt (ID: rally-racer-dirt)
[2025-03-31 16:42:31] [INFO] 游戏页面更新成功：Rally Racer Dirt
[2025-03-31 16:42:31] [INFO] 正在处理游戏：Assault Bots (ID: assault-bots)
[2025-03-31 16:42:31] [INFO] 游戏页面更新成功：Assault Bots
[2025-03-31 16:42:31] [INFO] 正在处理游戏：Mr. Racer (ID: mr-racer)
[2025-03-31 16:42:31] [INFO] 游戏页面更新成功：Mr. Racer
[2025-03-31 16:42:31] [INFO] 正在处理游戏：Room Escape: Strange Case (ID: room-escape-strange-case)
[2025-03-31 16:42:31] [INFO] 游戏页面更新成功：Room Escape: Strange Case
[2025-03-31 16:42:31] [INFO] 正在处理游戏：911: Prey (ID: game-911-prey)
[2025-03-31 16:42:31] [INFO] 游戏页面更新成功：911: Prey
[2025-03-31 16:42:31] [INFO] 正在处理游戏：Escape Room: Strange Case 2 (ID: escape-room-strange-case-2)
[2025-03-31 16:42:31] [INFO] 游戏页面更新成功：Escape Room: Strange Case 2
[2025-03-31 16:42:31] [INFO] 正在处理游戏：FNaF Shooter (ID: fnaf-shooter)
[2025-03-31 16:42:31] [INFO] 游戏页面更新成功：FNaF Shooter
[2025-03-31 16:42:31] [INFO] 正在处理游戏：Monster Makeup 3D (ID: monster-makeup-3d)
[2025-03-31 16:42:31] [INFO] 游戏页面更新成功：Monster Makeup 3D
[2025-03-31 16:42:31] [INFO] 正在处理游戏：Horror Tale (ID: horror-tale)
[2025-03-31 16:42:31] [INFO] 游戏页面更新成功：Horror Tale
[2025-03-31 16:42:31] [INFO] 正在处理游戏：911: Cannibal (ID: game-911-cannibal)
[2025-03-31 16:42:31] [INFO] 游戏页面更新成功：911: Cannibal
[2025-03-31 16:42:31] [INFO] 正在处理游戏：Diner in the Storm (ID: diner-in-the-storm)
[2025-03-31 16:42:31] [INFO] 游戏页面更新成功：Diner in the Storm
[2025-03-31 16:42:31] [INFO] 正在处理游戏：Haunted School (ID: haunted-school)
[2025-03-31 16:42:31] [INFO] 游戏页面更新成功：Haunted School
[2025-03-31 16:42:31] [INFO] 正在处理游戏：Exhibit of Sorrows (ID: exhibit-of-sorrows)
[2025-03-31 16:42:31] [INFO] 游戏页面更新成功：Exhibit of Sorrows
[2025-03-31 16:42:31] [INFO] 正在处理游戏：Scary Horror Escape Room (ID: scary-horror-escape-room)
[2025-03-31 16:42:31] [INFO] 游戏页面更新成功：Scary Horror Escape Room
[2025-03-31 16:42:31] [INFO] 正在处理游戏：Squid Game Online (ID: squid-game-online)
[2025-03-31 16:42:31] [INFO] 游戏页面更新成功：Squid Game Online
[2025-03-31 16:42:31] [INFO] 正在处理游戏：Defender Idle 2 (ID: defender-idle-2)
[2025-03-31 16:42:31] [INFO] 游戏页面更新成功：Defender Idle 2
[2025-03-31 16:42:31] [INFO] 正在处理游戏：Stickman Destruction 3 Heroes (ID: stickman-destruction-3-heroes)
[2025-03-31 16:42:31] [INFO] 游戏页面更新成功：Stickman Destruction 3 Heroes
[2025-03-31 16:42:31] [INFO] 正在处理游戏：Bank Heist (ID: bank-heist)
[2025-03-31 16:42:31] [INFO] 游戏页面更新成功：Bank Heist
[2025-03-31 16:42:31] [INFO] 正在处理游戏：Build and Crush (ID: build-and-crush)
[2025-03-31 16:42:31] [INFO] 游戏页面更新成功：Build and Crush
[2025-03-31 16:42:31] [INFO] 正在处理游戏：World Z Defense - Zombie Defense (ID: world-z-defense-zombie-defense)
[2025-03-31 16:42:31] [INFO] 游戏页面更新成功：World Z Defense - Zombie Defense
[2025-03-31 16:42:31] [INFO] 正在处理游戏：Cat and Granny (ID: cat-and-granny)
[2025-03-31 16:42:31] [INFO] 游戏页面更新成功：Cat and Granny
[2025-03-31 16:42:31] [INFO] 正在处理游戏：Mergest Kingdom (ID: mergest-kingdom)
[2025-03-31 16:42:31] [INFO] 游戏页面更新成功：Mergest Kingdom
[2025-03-31 16:42:31] [INFO] 正在处理游戏：Tower Swap (ID: tower-swap)
[2025-03-31 16:42:31] [INFO] 游戏页面更新成功：Tower Swap
[2025-03-31 16:42:31] [INFO] 正在处理游戏：Hexa Sort (ID: hexa-sort)
[2025-03-31 16:42:31] [INFO] 游戏页面更新成功：Hexa Sort
[2025-03-31 16:42:31] [INFO] 正在处理游戏：Piles of Mahjong (ID: piles-of-mahjong)
[2025-03-31 16:42:31] [INFO] 游戏页面更新成功：Piles of Mahjong
[2025-03-31 16:42:31] [INFO] 正在处理游戏：Thief Puzzle (ID: thief-puzzle)
[2025-03-31 16:42:31] [INFO] 游戏页面更新成功：Thief Puzzle
[2025-03-31 16:42:31] [INFO] 正在处理游戏：8 Ball Billiards Classic (ID: game-8-ball-billiards-classic)
[2025-03-31 16:42:31] [INFO] 游戏页面更新成功：8 Ball Billiards Classic
[2025-03-31 16:42:31] [INFO] 正在处理游戏：Crazy Flips 3D (ID: crazy-flips-3d)
[2025-03-31 16:42:31] [INFO] 游戏页面更新成功：Crazy Flips 3D
[2025-03-31 16:42:31] [INFO] 正在处理游戏：8 Ball Pool Billiards Multiplayer (ID: game-8-ball-pool-billiards-multiplayer)
[2025-03-31 16:42:31] [INFO] 游戏页面更新成功：8 Ball Pool Billiards Multiplayer
[2025-03-31 16:42:31] [INFO] 正在处理游戏：BasketBros (ID: basketbros)
[2025-03-31 16:42:31] [INFO] 游戏页面更新成功：BasketBros
[2025-03-31 16:42:31] [INFO] 正在处理游戏：Basket Random (ID: basket-random)
[2025-03-31 16:42:31] [INFO] 游戏页面更新成功：Basket Random
[2025-03-31 16:42:31] [INFO] 正在处理游戏：Mini Golf Club (ID: mini-golf-club)
[2025-03-31 16:42:31] [INFO] 游戏页面更新成功：Mini Golf Club
[2025-03-31 16:42:31] [INFO] 正在处理游戏：QB Legend (ID: qb-legend)
[2025-03-31 16:42:31] [INFO] 游戏页面更新成功：QB Legend
[2025-03-31 16:42:31] [INFO] 正在处理游戏：Tap-Tap Shots (ID: tap-tap-shots)
[2025-03-31 16:42:31] [INFO] 游戏页面更新成功：Tap-Tap Shots
[2025-03-31 16:42:31] [INFO] 正在处理游戏：Count Masters: Stickman Games (ID: count-masters-stickman-games)
[2025-03-31 16:42:31] [INFO] 游戏页面更新成功：Count Masters: Stickman Games
[2025-03-31 16:42:31] [INFO] 正在处理游戏：Supermarket Simulator: Store Manager (ID: supermarket-simulator-store-manager)
[2025-03-31 16:42:31] [INFO] 游戏页面更新成功：Supermarket Simulator: Store Manager
[2025-03-31 16:42:31] [INFO] 正在处理游戏：Bloons Tower Defense 4 (ID: bloons-tower-defense-4)
[2025-03-31 16:42:31] [INFO] 游戏页面更新成功：Bloons Tower Defense 4
[2025-03-31 16:42:31] [INFO] 正在处理游戏：Snake Shooter: Tower Battle (ID: snake-shooter-tower-battle)
[2025-03-31 16:42:31] [INFO] 游戏页面更新成功：Snake Shooter: Tower Battle
[2025-03-31 16:42:31] [INFO] 正在处理游戏：AOD - Art Of Defense (ID: aod-art-of-defense)
[2025-03-31 16:42:31] [INFO] 游戏页面更新成功：AOD - Art Of Defense
[2025-03-31 16:42:31] [INFO] 正在处理游戏：Castle Craft (ID: castle-craft)
[2025-03-31 16:42:31] [INFO] 游戏页面更新成功：Castle Craft
[2025-03-31 16:42:31] [INFO] 正在处理游戏：Dead Land: Survival (ID: dead-land-survival)
[2025-03-31 16:42:31] [INFO] 游戏页面更新成功：Dead Land: Survival
[2025-03-31 16:42:31] [INFO] 正在处理游戏：Hex Empire (ID: hex-empire)
[2025-03-31 16:42:31] [INFO] 游戏页面更新成功：Hex Empire
[2025-03-31 16:42:31] [INFO] 正在处理游戏：Pirates of the Caribbean: ToW (ID: pirates-of-the-caribbean-tow)
[2025-03-31 16:42:31] [INFO] 游戏页面更新成功：Pirates of the Caribbean: ToW
[2025-03-31 16:42:31] [INFO] 正在处理游戏：Battle Arena (ID: battle-arena)
[2025-03-31 16:42:31] [INFO] 游戏页面更新成功：Battle Arena
[2025-03-31 16:42:31] [INFO] 游戏页面更新完成。成功：56，失败：0，总用时：0.05秒
[2025-03-31 16:42:31] [INFO] 首页更新结果：成功
[2025-03-31 16:42:31] [INFO] 分类页更新结果：成功
