[2025-03-31 14:05:19] 开始更新游戏页面，共发现 31 个游戏页面
[2025-03-31 14:05:19] 成功更新文件: assault-bots.html
[2025-03-31 14:05:19] 跳过文件: defender-idle-2.html (模板文件或已更新文件)
[2025-03-31 14:05:19] 成功更新文件: demolition-derby-3.html
[2025-03-31 14:05:19] 成功更新文件: diner-in-the-storm.html
[2025-03-31 14:05:19] 成功更新文件: doodle-road.html
[2025-03-31 14:05:19] 成功更新文件: escape-room-strange-case-2.html
[2025-03-31 14:05:19] 成功更新文件: exhibit-of-sorrows.html
[2025-03-31 14:05:19] 成功更新文件: farm-merge-valley.html
[2025-03-31 14:05:19] 成功更新文件: fnaf-shooter.html
[2025-03-31 14:05:19] 成功更新文件: game-911-cannibal.html
[2025-03-31 14:05:19] 成功更新文件: game-911-prey.html
[2025-03-31 14:05:19] 跳过文件: game-template.html (模板文件或已更新文件)
[2025-03-31 14:05:19] 成功更新文件: haunted-school.html
[2025-03-31 14:05:19] 成功更新文件: horror-tale.html
[2025-03-31 14:05:19] 成功更新文件: mahjongg-solitaire.html
[2025-03-31 14:05:19] 成功更新文件: monster-makeup-3d.html
[2025-03-31 14:05:19] 成功更新文件: mr-racer.html
[2025-03-31 14:05:19] 成功更新文件: night-city-racing.html
[2025-03-31 14:05:19] 成功更新文件: parking-jam.html
[2025-03-31 14:05:19] 成功更新文件: polytrack.html
[2025-03-31 14:05:19] 成功更新文件: rally-racer-dirt.html
[2025-03-31 14:05:19] 成功更新文件: room-escape-strange-case.html
[2025-03-31 14:05:19] 成功更新文件: sandbox-city.html
[2025-03-31 14:05:19] 跳过文件: scary-horror-escape-room.html (模板文件或已更新文件)
[2025-03-31 14:05:19] 成功更新文件: sky-riders.html
[2025-03-31 14:05:19] 成功更新文件: smash-karts.html
[2025-03-31 14:05:19] 跳过文件: squid-game-online-new.html (模板文件或已更新文件)
[2025-03-31 14:05:19] 错误：无法获取 squid-game-online.html 的关键信息
[2025-03-31 14:05:19] 成功更新文件: tetris.html
[2025-03-31 14:05:19] 成功更新文件: traffic-rider.html
[2025-03-31 14:05:19] 成功更新文件: words-of-wonders.html
[2025-03-31 14:05:19] 更新完成，共处理 31 个文件，成功更新 26 个，跳过 4 个，失败 1 个
